<?xml version="1.0" encoding="UTF-8"?>
<coverage generated="1602183186315" clover="3.2.0">
  <project timestamp="1602183186315" name="All files">
    <metrics statements="57" coveredstatements="55" conditionals="8" coveredconditionals="7" methods="15" coveredmethods="14" elements="80" coveredelements="76" complexity="0" loc="57" ncloc="57" packages="1" files="6" classes="6"/>
    <file name="Airport.js" path="/Users/FBE20/Desktop/Bootcamp/W1D4/W1D3-Airport-Classes/Airport.js">
      <metrics statements="26" coveredstatements="26" conditionals="0" coveredconditionals="0" methods="6" coveredmethods="6"/>
      <line num="1" count="2" type="stmt"/>
      <line num="2" count="2" type="stmt"/>
      <line num="3" count="2" type="stmt"/>
      <line num="6" count="2" type="stmt"/>
      <line num="9" count="8" type="stmt"/>
      <line num="10" count="8" type="stmt"/>
      <line num="11" count="8" type="stmt"/>
      <line num="14" count="4" type="stmt"/>
      <line num="17" count="1" type="stmt"/>
      <line num="18" count="1" type="stmt"/>
      <line num="19" count="1" type="stmt"/>
      <line num="23" count="1" type="stmt"/>
      <line num="25" count="1" type="stmt"/>
      <line num="27" count="1" type="stmt"/>
      <line num="29" count="1" type="stmt"/>
      <line num="30" count="1" type="stmt"/>
      <line num="31" count="1" type="stmt"/>
      <line num="33" count="4" type="stmt"/>
      <line num="34" count="1" type="stmt"/>
      <line num="37" count="1" type="stmt"/>
      <line num="63" count="1" type="stmt"/>
      <line num="64" count="1" type="stmt"/>
      <line num="65" count="15546" type="stmt"/>
      <line num="66" count="1" type="stmt"/>
      <line num="67" count="1" type="stmt"/>
      <line num="80" count="2" type="stmt"/>
    </file>
    <file name="Bag.js" path="/Users/FBE20/Desktop/Bootcamp/W1D4/W1D3-Airport-Classes/Bag.js">
      <metrics statements="4" coveredstatements="4" conditionals="2" coveredconditionals="2" methods="1" coveredmethods="1"/>
      <line num="3" count="7" type="cond" truecount="2" falsecount="0"/>
      <line num="4" count="6" type="stmt"/>
      <line num="8" count="3" type="stmt"/>
      <line num="12" count="3" type="stmt"/>
    </file>
    <file name="Crew.js" path="/Users/FBE20/Desktop/Bootcamp/W1D4/W1D3-Airport-Classes/Crew.js">
      <metrics statements="7" coveredstatements="7" conditionals="2" coveredconditionals="2" methods="2" coveredmethods="2"/>
      <line num="1" count="3" type="stmt"/>
      <line num="2" count="3" type="stmt"/>
      <line num="6" count="3" type="stmt"/>
      <line num="7" count="7" type="cond" truecount="2" falsecount="0"/>
      <line num="8" count="6" type="stmt"/>
      <line num="10" count="1" type="stmt"/>
      <line num="23" count="3" type="stmt"/>
    </file>
    <file name="Passenger.js" path="/Users/FBE20/Desktop/Bootcamp/W1D4/W1D3-Airport-Classes/Passenger.js">
      <metrics statements="3" coveredstatements="2" conditionals="0" coveredconditionals="0" methods="1" coveredmethods="0"/>
      <line num="1" count="4" type="stmt"/>
      <line num="5" count="0" type="stmt"/>
      <line num="9" count="4" type="stmt"/>
    </file>
    <file name="Person.js" path="/Users/FBE20/Desktop/Bootcamp/W1D4/W1D3-Airport-Classes/Person.js">
      <metrics statements="4" coveredstatements="4" conditionals="0" coveredconditionals="0" methods="2" coveredmethods="2"/>
      <line num="3" count="8" type="stmt"/>
      <line num="4" count="8" type="stmt"/>
      <line num="7" count="2" type="stmt"/>
      <line num="11" count="4" type="stmt"/>
    </file>
    <file name="Plane.js" path="/Users/FBE20/Desktop/Bootcamp/W1D4/W1D3-Airport-Classes/Plane.js">
      <metrics statements="13" coveredstatements="12" conditionals="4" coveredconditionals="3" methods="3" coveredmethods="3"/>
      <line num="1" count="3" type="stmt"/>
      <line num="2" count="3" type="stmt"/>
      <line num="6" count="3" type="stmt"/>
      <line num="7" count="3" type="stmt"/>
      <line num="8" count="3" type="stmt"/>
      <line num="9" count="3" type="stmt"/>
      <line num="12" count="3" type="stmt"/>
      <line num="13" count="5" type="cond" truecount="2" falsecount="0"/>
      <line num="14" count="3" type="stmt"/>
      <line num="15" count="2" type="cond" truecount="1" falsecount="1"/>
      <line num="16" count="2" type="stmt"/>
      <line num="18" count="0" type="stmt"/>
      <line num="44" count="3" type="stmt"/>
    </file>
  </project>
</coverage>
