{"/Users/FBE20/Desktop/Bootcamp/W1D4/W1D3-Airport-Classes/Airport.js": {"path":"/Users/FBE20/Desktop/Bootcamp/W1D4/W1D3-Airport-Classes/Airport.js","statementMap":{"0":{"start":{"line":1,"column":11},"end":{"line":1,"column":24}},"1":{"start":{"line":2,"column":13},"end":{"line":2,"column":28}},"2":{"start":{"line":3,"column":21},"end":{"line":3,"column":43}},"3":{"start":{"line":6,"column":17},"end":{"line":6,"column":19}},"4":{"start":{"line":9,"column":8},"end":{"line":9,"column":24}},"5":{"start":{"line":10,"column":8},"end":{"line":10,"column":24}},"6":{"start":{"line":11,"column":8},"end":{"line":11,"column":39}},"7":{"start":{"line":14,"column":12},"end":{"line":14,"column":35}},"8":{"start":{"line":17,"column":8},"end":{"line":17,"column":26}},"9":{"start":{"line":18,"column":7},"end":{"line":18,"column":40}},"10":{"start":{"line":19,"column":7},"end":{"line":19,"column":31}},"11":{"start":{"line":23,"column":23},"end":{"line":23,"column":49}},"12":{"start":{"line":25,"column":7},"end":{"line":25,"column":29}},"13":{"start":{"line":27,"column":7},"end":{"line":27,"column":39}},"14":{"start":{"line":29,"column":7},"end":{"line":29,"column":31}},"15":{"start":{"line":30,"column":7},"end":{"line":30,"column":40}},"16":{"start":{"line":31,"column":7},"end":{"line":31,"column":25}},"17":{"start":{"line":33,"column":25},"end":{"line":33,"column":89}},"18":{"start":{"line":33,"column":58},"end":{"line":33,"column":88}},"19":{"start":{"line":34,"column":8},"end":{"line":34,"column":31}},"20":{"start":{"line":37,"column":7},"end":{"line":37,"column":31}},"21":{"start":{"line":63,"column":21},"end":{"line":63,"column":58}},"22":{"start":{"line":64,"column":24},"end":{"line":64,"column":48}},"23":{"start":{"line":65,"column":24},"end":{"line":65,"column":63}},"24":{"start":{"line":65,"column":42},"end":{"line":65,"column":62}},"25":{"start":{"line":66,"column":8},"end":{"line":66,"column":28}},"26":{"start":{"line":67,"column":8},"end":{"line":67,"column":22}},"27":{"start":{"line":80,"column":0},"end":{"line":80,"column":24}}},"fnMap":{"0":{"name":"(anonymous_0)","decl":{"start":{"line":8,"column":4},"end":{"line":8,"column":5}},"loc":{"start":{"line":8,"column":21},"end":{"line":12,"column":5}},"line":8},"1":{"name":"(anonymous_1)","decl":{"start":{"line":13,"column":4},"end":{"line":13,"column":5}},"loc":{"start":{"line":13,"column":15},"end":{"line":15,"column":9}},"line":13},"2":{"name":"(anonymous_2)","decl":{"start":{"line":16,"column":4},"end":{"line":16,"column":5}},"loc":{"start":{"line":16,"column":18},"end":{"line":39,"column":5}},"line":16},"3":{"name":"(anonymous_3)","decl":{"start":{"line":33,"column":51},"end":{"line":33,"column":52}},"loc":{"start":{"line":33,"column":58},"end":{"line":33,"column":88}},"line":33},"4":{"name":"(anonymous_4)","decl":{"start":{"line":61,"column":4},"end":{"line":61,"column":5}},"loc":{"start":{"line":61,"column":19},"end":{"line":68,"column":5}},"line":61},"5":{"name":"(anonymous_5)","decl":{"start":{"line":65,"column":37},"end":{"line":65,"column":38}},"loc":{"start":{"line":65,"column":42},"end":{"line":65,"column":62}},"line":65}},"branchMap":{},"s":{"0":2,"1":2,"2":2,"3":2,"4":8,"5":8,"6":8,"7":4,"8":1,"9":1,"10":1,"11":1,"12":1,"13":1,"14":1,"15":1,"16":1,"17":1,"18":4,"19":1,"20":1,"21":1,"22":1,"23":1,"24":15546,"25":1,"26":1,"27":2},"f":{"0":8,"1":4,"2":1,"3":4,"4":1,"5":15546},"b":{},"_coverageSchema":"1a1c01bbd47fc00a2c39e90264f33305004495a9","hash":"f5222596301f152963fadf36070158ee837c448d"}
,"/Users/FBE20/Desktop/Bootcamp/W1D4/W1D3-Airport-Classes/Bag.js": {"path":"/Users/FBE20/Desktop/Bootcamp/W1D4/W1D3-Airport-Classes/Bag.js","statementMap":{"0":{"start":{"line":3,"column":8},"end":{"line":3,"column":62}},"1":{"start":{"line":3,"column":21},"end":{"line":3,"column":62}},"2":{"start":{"line":4,"column":8},"end":{"line":4,"column":28}},"3":{"start":{"line":8,"column":13},"end":{"line":8,"column":24}},"4":{"start":{"line":12,"column":0},"end":{"line":12,"column":20}}},"fnMap":{"0":{"name":"(anonymous_0)","decl":{"start":{"line":2,"column":4},"end":{"line":2,"column":5}},"loc":{"start":{"line":2,"column":23},"end":{"line":5,"column":5}},"line":2}},"branchMap":{"0":{"loc":{"start":{"line":3,"column":8},"end":{"line":3,"column":62}},"type":"if","locations":[{"start":{"line":3,"column":8},"end":{"line":3,"column":62}},{"start":{"line":3,"column":8},"end":{"line":3,"column":62}}],"line":3}},"s":{"0":7,"1":1,"2":6,"3":3,"4":3},"f":{"0":7},"b":{"0":[1,6]},"_coverageSchema":"1a1c01bbd47fc00a2c39e90264f33305004495a9","hash":"b1b21c91000751fa804d4c3681f972eafa7944a9"}
,"/Users/FBE20/Desktop/Bootcamp/W1D4/W1D3-Airport-Classes/Crew.js": {"path":"/Users/FBE20/Desktop/Bootcamp/W1D4/W1D3-Airport-Classes/Crew.js","statementMap":{"0":{"start":{"line":1,"column":18},"end":{"line":1,"column":40}},"1":{"start":{"line":2,"column":15},"end":{"line":2,"column":34}},"2":{"start":{"line":6,"column":8},"end":{"line":12,"column":10}},"3":{"start":{"line":7,"column":12},"end":{"line":11,"column":13}},"4":{"start":{"line":8,"column":16},"end":{"line":8,"column":27}},"5":{"start":{"line":10,"column":16},"end":{"line":10,"column":28}},"6":{"start":{"line":23,"column":0},"end":{"line":23,"column":21}}},"fnMap":{"0":{"name":"(anonymous_0)","decl":{"start":{"line":5,"column":4},"end":{"line":5,"column":5}},"loc":{"start":{"line":5,"column":25},"end":{"line":13,"column":5}},"line":5},"1":{"name":"(anonymous_1)","decl":{"start":{"line":6,"column":31},"end":{"line":6,"column":32}},"loc":{"start":{"line":6,"column":45},"end":{"line":12,"column":9}},"line":6}},"branchMap":{"0":{"loc":{"start":{"line":7,"column":12},"end":{"line":11,"column":13}},"type":"if","locations":[{"start":{"line":7,"column":12},"end":{"line":11,"column":13}},{"start":{"line":7,"column":12},"end":{"line":11,"column":13}}],"line":7}},"s":{"0":3,"1":3,"2":3,"3":7,"4":6,"5":1,"6":3},"f":{"0":3,"1":7},"b":{"0":[6,1]},"_coverageSchema":"1a1c01bbd47fc00a2c39e90264f33305004495a9","hash":"f72e412546204e7ee9b7caea79d386c415bd92a7"}
,"/Users/FBE20/Desktop/Bootcamp/W1D4/W1D3-Airport-Classes/Passenger.js": {"path":"/Users/FBE20/Desktop/Bootcamp/W1D4/W1D3-Airport-Classes/Passenger.js","statementMap":{"0":{"start":{"line":1,"column":15},"end":{"line":1,"column":34}},"1":{"start":{"line":5,"column":8},"end":{"line":5,"column":26}},"2":{"start":{"line":9,"column":0},"end":{"line":9,"column":26}}},"fnMap":{"0":{"name":"(anonymous_0)","decl":{"start":{"line":4,"column":4},"end":{"line":4,"column":5}},"loc":{"start":{"line":4,"column":20},"end":{"line":6,"column":5}},"line":4}},"branchMap":{},"s":{"0":4,"1":0,"2":4},"f":{"0":0},"b":{},"_coverageSchema":"1a1c01bbd47fc00a2c39e90264f33305004495a9","hash":"ef5e2b7304c56b530ea36a0bb9bd643d900d6208"}
,"/Users/FBE20/Desktop/Bootcamp/W1D4/W1D3-Airport-Classes/Person.js": {"path":"/Users/FBE20/Desktop/Bootcamp/W1D4/W1D3-Airport-Classes/Person.js","statementMap":{"0":{"start":{"line":3,"column":8},"end":{"line":3,"column":24}},"1":{"start":{"line":4,"column":8},"end":{"line":4,"column":22}},"2":{"start":{"line":7,"column":8},"end":{"line":7,"column":27}},"3":{"start":{"line":11,"column":0},"end":{"line":11,"column":23}}},"fnMap":{"0":{"name":"(anonymous_0)","decl":{"start":{"line":2,"column":4},"end":{"line":2,"column":5}},"loc":{"start":{"line":2,"column":21},"end":{"line":5,"column":5}},"line":2},"1":{"name":"(anonymous_1)","decl":{"start":{"line":6,"column":4},"end":{"line":6,"column":5}},"loc":{"start":{"line":6,"column":15},"end":{"line":8,"column":5}},"line":6}},"branchMap":{},"s":{"0":8,"1":8,"2":2,"3":4},"f":{"0":8,"1":2},"b":{},"_coverageSchema":"1a1c01bbd47fc00a2c39e90264f33305004495a9","hash":"ef9ebd42932193a93239b5c111e79e86417b5dd8"}
,"/Users/FBE20/Desktop/Bootcamp/W1D4/W1D3-Airport-Classes/Plane.js": {"path":"/Users/FBE20/Desktop/Bootcamp/W1D4/W1D3-Airport-Classes/Plane.js","statementMap":{"0":{"start":{"line":1,"column":18},"end":{"line":1,"column":40}},"1":{"start":{"line":2,"column":13},"end":{"line":2,"column":30}},"2":{"start":{"line":6,"column":8},"end":{"line":6,"column":27}},"3":{"start":{"line":7,"column":8},"end":{"line":7,"column":28}},"4":{"start":{"line":8,"column":8},"end":{"line":8,"column":22}},"5":{"start":{"line":9,"column":8},"end":{"line":9,"column":38}},"6":{"start":{"line":12,"column":8},"end":{"line":20,"column":10}},"7":{"start":{"line":13,"column":12},"end":{"line":19,"column":13}},"8":{"start":{"line":14,"column":16},"end":{"line":14,"column":44}},"9":{"start":{"line":15,"column":19},"end":{"line":19,"column":13}},"10":{"start":{"line":16,"column":16},"end":{"line":16,"column":38}},"11":{"start":{"line":18,"column":16},"end":{"line":18,"column":64}},"12":{"start":{"line":44,"column":0},"end":{"line":44,"column":22}}},"fnMap":{"0":{"name":"(anonymous_0)","decl":{"start":{"line":5,"column":4},"end":{"line":5,"column":5}},"loc":{"start":{"line":5,"column":29},"end":{"line":10,"column":5}},"line":5},"1":{"name":"(anonymous_1)","decl":{"start":{"line":11,"column":4},"end":{"line":11,"column":5}},"loc":{"start":{"line":11,"column":17},"end":{"line":21,"column":5}},"line":11},"2":{"name":"(anonymous_2)","decl":{"start":{"line":12,"column":19},"end":{"line":12,"column":20}},"loc":{"start":{"line":12,"column":29},"end":{"line":20,"column":9}},"line":12}},"branchMap":{"0":{"loc":{"start":{"line":13,"column":12},"end":{"line":19,"column":13}},"type":"if","locations":[{"start":{"line":13,"column":12},"end":{"line":19,"column":13}},{"start":{"line":13,"column":12},"end":{"line":19,"column":13}}],"line":13},"1":{"loc":{"start":{"line":15,"column":19},"end":{"line":19,"column":13}},"type":"if","locations":[{"start":{"line":15,"column":19},"end":{"line":19,"column":13}},{"start":{"line":15,"column":19},"end":{"line":19,"column":13}}],"line":15}},"s":{"0":3,"1":3,"2":3,"3":3,"4":3,"5":3,"6":3,"7":5,"8":3,"9":2,"10":2,"11":0,"12":3},"f":{"0":3,"1":3,"2":5},"b":{"0":[3,2],"1":[2,0]},"_coverageSchema":"1a1c01bbd47fc00a2c39e90264f33305004495a9","hash":"74ff54cc94ce86b254b5ff5e9c7df5ceefc03a1c"}
}
