TN:
SF:Airport.js
FN:8,(anonymous_0)
FN:13,(anonymous_1)
FN:16,(anonymous_2)
FN:33,(anonymous_3)
FN:61,(anonymous_4)
FN:65,(anonymous_5)
FNF:6
FNH:6
FNDA:8,(anonymous_0)
FNDA:4,(anonymous_1)
FNDA:1,(anonymous_2)
FNDA:4,(anonymous_3)
FNDA:1,(anonymous_4)
FNDA:15546,(anonymous_5)
DA:1,2
DA:2,2
DA:3,2
DA:6,2
DA:9,8
DA:10,8
DA:11,8
DA:14,4
DA:17,1
DA:18,1
DA:19,1
DA:23,1
DA:25,1
DA:27,1
DA:29,1
DA:30,1
DA:31,1
DA:33,4
DA:34,1
DA:37,1
DA:63,1
DA:64,1
DA:65,15546
DA:66,1
DA:67,1
DA:80,2
LF:26
LH:26
BRF:0
BRH:0
end_of_record
TN:
SF:Bag.js
FN:2,(anonymous_0)
FNF:1
FNH:1
FNDA:7,(anonymous_0)
DA:3,7
DA:4,6
DA:8,3
DA:12,3
LF:4
LH:4
BRDA:3,0,0,1
BRDA:3,0,1,6
BRF:2
BRH:2
end_of_record
TN:
SF:Crew.js
FN:5,(anonymous_0)
FN:6,(anonymous_1)
FNF:2
FNH:2
FNDA:3,(anonymous_0)
FNDA:7,(anonymous_1)
DA:1,3
DA:2,3
DA:6,3
DA:7,7
DA:8,6
DA:10,1
DA:23,3
LF:7
LH:7
BRDA:7,0,0,6
BRDA:7,0,1,1
BRF:2
BRH:2
end_of_record
TN:
SF:Passenger.js
FN:4,(anonymous_0)
FNF:1
FNH:0
FNDA:0,(anonymous_0)
DA:1,4
DA:5,0
DA:9,4
LF:3
LH:2
BRF:0
BRH:0
end_of_record
TN:
SF:Person.js
FN:2,(anonymous_0)
FN:6,(anonymous_1)
FNF:2
FNH:2
FNDA:8,(anonymous_0)
FNDA:2,(anonymous_1)
DA:3,8
DA:4,8
DA:7,2
DA:11,4
LF:4
LH:4
BRF:0
BRH:0
end_of_record
TN:
SF:Plane.js
FN:5,(anonymous_0)
FN:11,(anonymous_1)
FN:12,(anonymous_2)
FNF:3
FNH:3
FNDA:3,(anonymous_0)
FNDA:3,(anonymous_1)
FNDA:5,(anonymous_2)
DA:1,3
DA:2,3
DA:6,3
DA:7,3
DA:8,3
DA:9,3
DA:12,3
DA:13,5
DA:14,3
DA:15,2
DA:16,2
DA:18,0
DA:44,3
LF:13
LH:12
BRDA:13,0,0,3
BRDA:13,0,1,2
BRDA:15,1,0,2
BRDA:15,1,1,0
BRF:4
BRH:3
end_of_record
